<?xml version="1.0" encoding="UTF-8"?>
<!-- Generated by org.testng.reporters.JUnitReportReporter -->
<testsuite hostname="DESKTOP-GKPSUJA" failures="0" tests="1" name="utility.DatabaseUtility" time="2.374" errors="0" timestamp="2023-04-28T22:49:54 IST" skipped="0">
  <testcase classname="utility.DatabaseUtility" name="getDatabaseData" time="2.374"/>
  <system-out/>
</testsuite> <!-- utility.DatabaseUtility -->
