<?xml version="1.0" encoding="UTF-8"?>
<!-- Generated by org.testng.reporters.JUnitReportReporter -->
<testsuite hostname="DESKTOP-GKPSUJA" failures="0" tests="4" name="test2.LoginTest2" time="7.399" errors="0" timestamp="2023-05-22T18:08:18 IST" skipped="0">
  <testcase classname="test2.LoginTest2" name="verifyTitleOfBuild" time="0.071"/>
  <system-out/>
  <testcase classname="test2.LoginTest2" name="verifyTitleofPage" time="1.565"/>
  <system-out/>
  <testcase classname="test2.LoginTest2" name="verifyCurrentUrlofPage" time="0.033"/>
  <system-out/>
  <testcase classname="test2.LoginTest2" name="verifyLoginWithCorrectCredentials" time="5.730"/>
  <system-out/>
</testsuite> <!-- test2.LoginTest2 -->
