<?xml version="1.0" encoding="UTF-8"?>
<!-- Generated by org.testng.reporters.JUnitReportReporter -->
<testsuite hostname="DESKTOP-GKPSUJA" failures="0" tests="1" name="utility.ExcelUtility" time="2.285" errors="0" timestamp="2023-04-28T22:26:46 IST" skipped="0">
  <testcase classname="utility.ExcelUtility" name="getTestData" time="2.285"/>
  <system-out/>
</testsuite> <!-- utility.ExcelUtility -->
